pipewire
pipewire-jack
pipewire-pulse
wireplumber
networkmanager
network-manager-applet
sddm
qt5-wayland
qt6-wayland
qt5-quickcontrols
qt5-quickcontrols2
qt5-graphicaleffects
dunst
rofi
waybar
hyprpaper
swaylock-effects-git
slurp
grim
swappy
cliphist
polkit-gnome-agent
xdg-desktop-portal-hyprland
alacritty
pacman-contrib
pavucontrol
pamixer
nwg-look
kvantum
qt5ct
firefox
kitty
neofetch
gvfs
thunar
thunar-thunar-archive-plugin
tar
zip 
xz
unzip
xdg-utils
thunar-media-tags-plugin
thunar-volman
tumbler
ffmpegthumbnailer
neovim
vim
xarchiver
zsh
discord
telegram-desktop
spotify 
mpv
qbittorrent
steam
swayidle
playerctl
imv
papirus-icon-theme
papirus-folders
catppuccin-gtk-theme-mocha
vimix-cursors
